{
  "RSpec": {
    "coverage": {
      "/Users/clare/Dropbox/projects/Notes-App/spec/feature_tests_spec.rb": [
        1,
        1,
        null,
        1,
        null,
        5,
        4,
        3,
        3,
        null,
        1,
        null,
        1,
        null,
        null,
        1,
        1,
        1,
        1,
        null,
        null,
        1,
        1,
        null,
        null,
        null,
        1,
        null,
        1,
        null,
        null,
        1,
        null,
        null,
        1,
        null,
        null
      ],
      "/Users/clare/Dropbox/projects/Notes-App/lib/note.rb": [
        1,
        1,
        1,
        1,
        1,
        1,
        1,
        null,
        null,
        null
      ],
      "/Users/clare/Dropbox/projects/Notes-App/lib/notebook.rb": [
        1,
        1,
        1,
        null,
        1,
        6,
        6,
        null,
        null,
        1,
        8,
        null,
        null,
        1,
        2,
        6,
        null,
        null,
        null
      ],
      "/Users/clare/Dropbox/projects/Notes-App/spec/note_spec.rb": [
        1,
        null,
        1,
        1,
        1,
        1,
        1,
        null,
        null,
        null
      ],
      "/Users/clare/Dropbox/projects/Notes-App/spec/notebook_spec.rb": [
        1,
        null,
        1,
        null,
        1,
        3,
        null,
        null,
        1,
        1,
        1,
        null,
        null,
        1,
        3,
        3,
        3,
        null,
        1,
        1,
        1,
        null,
        null,
        1,
        1,
        1,
        null,
        null,
        null
      ]
    },
    "timestamp": 1539214752
  }
}
